<?xml version="1.0" encoding="UTF-8"?>
<testng-results skipped="0" failed="0" ignored="0" total="1" passed="1">
  <reporter-output>
  </reporter-output>
  <suite name="Default suite" duration-ms="173" started-at="2019-12-10T11:29:04Z" finished-at="2019-12-10T11:29:05Z">
    <groups>
    </groups>
    <test name="Default test" duration-ms="173" started-at="2019-12-10T11:29:04Z" finished-at="2019-12-10T11:29:05Z">
      <class name="egApi.BaseTest">
        <test-method status="PASS" signature="BaseTest()[pri:0, instance:egApi.BaseTest@26be92ad]" name="BaseTest" duration-ms="52" started-at="2019-12-10T16:59:05Z" finished-at="2019-12-10T16:59:05Z">
          <reporter-output>
          </reporter-output>
        </test-method> <!-- BaseTest -->
      </class> <!-- egApi.BaseTest -->
    </test> <!-- Default test -->
  </suite> <!-- Default suite -->
</testng-results>
